
*** Running vivado
    with args -log TOP.vds -m64 -product Vivado -mode batch -messageDb vivado.pb -notrace -source TOP.tcl



****** Vivado v2025.2 (64-bit)
  **** SW Build 6299465 on Fri Nov 14 19:35:11 GMT 2025
  **** IP Build 6300035 on Fri Nov 14 10:48:45 MST 2025
  **** SharedData Build 6298862 on Thu Nov 13 04:50:51 MST 2025
  **** Start of session at: Tue Mar  3 15:50:18 2026
    ** Copyright 1986-2022 Xilinx, Inc. All Rights Reserved.
    ** Copyright 2022-2025 Advanced Micro Devices, Inc. All Rights Reserved.

source TOP.tcl -notrace
create_project: Time (s): cpu = 00:00:08 ; elapsed = 00:00:06 . Memory (MB): peak = 527.902 ; gain = 224.547
Command: synth_design -top TOP -part xc7a200tfbg676-2
Starting synth_design
Attempting to get a license for feature 'Synthesis' and/or device 'xc7a200t'
INFO: [Common 17-349] Got license for feature 'Synthesis' and/or device 'xc7a200t'
INFO: [Device 21-403] Loading part xc7a200tfbg676-2
INFO: [Synth 8-7079] Multithreading enabled for synth_design using a maximum of 2 processes.
INFO: [Synth 8-7078] Launching helper process for spawning children vivado processes
INFO: [Synth 8-7075] Helper process launched with PID 25856
---------------------------------------------------------------------------------
Starting RTL Elaboration : Time (s): cpu = 00:00:05 ; elapsed = 00:00:05 . Memory (MB): peak = 1304.645 ; gain = 540.488
---------------------------------------------------------------------------------
INFO: [Synth 8-638] synthesizing module 'TOP' [C:/CIM/Integrated_Circuits_Labs/Lab2_FIR_filter_implementation/src/TopLevelEntity.vhdl:16]
INFO: [Synth 8-3491] module 'GenSen' declared at 'C:/CIM/Integrated_Circuits_Labs/Lab2_FIR_filter_implementation/src/GenSen.vhdl:5' bound to instance 'Gen1' of component 'GenSen' [C:/CIM/Integrated_Circuits_Labs/Lab2_FIR_filter_implementation/src/TopLevelEntity.vhdl:55]
INFO: [Synth 8-638] synthesizing module 'GenSen' [C:/CIM/Integrated_Circuits_Labs/Lab2_FIR_filter_implementation/src/GenSen.vhdl:15]
INFO: [Synth 8-226] default block is never used [C:/CIM/Integrated_Circuits_Labs/Lab2_FIR_filter_implementation/src/GenSen.vhdl:39]
INFO: [Synth 8-3491] module 'rom_sin' declared at 'C:/CIM/Integrated_Circuits_Labs/Lab2_FIR_filter_implementation/src/rom_sin.vhd:5' bound to instance 'u_rom' of component 'rom_sin' [C:/CIM/Integrated_Circuits_Labs/Lab2_FIR_filter_implementation/src/GenSen.vhdl:77]
INFO: [Synth 8-638] synthesizing module 'rom_sin' [C:/CIM/Integrated_Circuits_Labs/Lab2_FIR_filter_implementation/src/rom_sin.vhd:12]
INFO: [Synth 8-256] done synthesizing module 'rom_sin' (0#1) [C:/CIM/Integrated_Circuits_Labs/Lab2_FIR_filter_implementation/src/rom_sin.vhd:12]
INFO: [Synth 8-256] done synthesizing module 'GenSen' (0#1) [C:/CIM/Integrated_Circuits_Labs/Lab2_FIR_filter_implementation/src/GenSen.vhdl:15]
INFO: [Synth 8-3491] module 'FIR_pipeline' declared at 'C:/CIM/Integrated_Circuits_Labs/Lab2_FIR_filter_implementation/src/FIR_pipeline.vhdl:5' bound to instance 'FIR1' of component 'FIR_pipeline' [C:/CIM/Integrated_Circuits_Labs/Lab2_FIR_filter_implementation/src/TopLevelEntity.vhdl:83]
INFO: [Synth 8-638] synthesizing module 'FIR_pipeline' [C:/CIM/Integrated_Circuits_Labs/Lab2_FIR_filter_implementation/src/FIR_pipeline.vhdl:23]
	Parameter a0 bound to: -8 - type: integer 
	Parameter a1 bound to: -14 - type: integer 
	Parameter a2 bound to: -1 - type: integer 
	Parameter a3 bound to: 20 - type: integer 
	Parameter a4 bound to: 52 - type: integer 
	Parameter a5 bound to: 73 - type: integer 
INFO: [Synth 8-256] done synthesizing module 'FIR_pipeline' (0#1) [C:/CIM/Integrated_Circuits_Labs/Lab2_FIR_filter_implementation/src/FIR_pipeline.vhdl:23]
INFO: [Synth 8-256] done synthesizing module 'TOP' (0#1) [C:/CIM/Integrated_Circuits_Labs/Lab2_FIR_filter_implementation/src/TopLevelEntity.vhdl:16]
---------------------------------------------------------------------------------
Finished RTL Elaboration : Time (s): cpu = 00:00:06 ; elapsed = 00:00:07 . Memory (MB): peak = 1426.504 ; gain = 662.348
---------------------------------------------------------------------------------
---------------------------------------------------------------------------------
Start Handling Custom Attributes
---------------------------------------------------------------------------------
---------------------------------------------------------------------------------
Finished Handling Custom Attributes : Time (s): cpu = 00:00:06 ; elapsed = 00:00:07 . Memory (MB): peak = 1426.504 ; gain = 662.348
---------------------------------------------------------------------------------
---------------------------------------------------------------------------------
Finished RTL Optimization Phase 1 : Time (s): cpu = 00:00:06 ; elapsed = 00:00:07 . Memory (MB): peak = 1426.504 ; gain = 662.348
---------------------------------------------------------------------------------
Netlist sorting complete. Time (s): cpu = 00:00:00 ; elapsed = 00:00:00.004 . Memory (MB): peak = 1426.504 ; gain = 0.000
INFO: [Project 1-570] Preparing netlist for logic optimization

Processing XDC Constraints
Initializing timing engine
Parsing XDC File [C:/CIM/Integrated_Circuits_Labs/Lab2_FIR_filter_implementation/constrains/Basys-3-Master.xdc]
Finished Parsing XDC File [C:/CIM/Integrated_Circuits_Labs/Lab2_FIR_filter_implementation/constrains/Basys-3-Master.xdc]
Completed Processing XDC Constraints

Netlist sorting complete. Time (s): cpu = 00:00:00 ; elapsed = 00:00:00 . Memory (MB): peak = 1509.359 ; gain = 0.000
INFO: [Project 1-111] Unisim Transformation Summary:
No Unisim elements were transformed.

Constraint Validation Runtime : Time (s): cpu = 00:00:00 ; elapsed = 00:00:00.017 . Memory (MB): peak = 1509.359 ; gain = 0.000
---------------------------------------------------------------------------------
Finished Constraint Validation : Time (s): cpu = 00:00:14 ; elapsed = 00:00:14 . Memory (MB): peak = 1509.359 ; gain = 745.203
---------------------------------------------------------------------------------
---------------------------------------------------------------------------------
Start Loading Part and Timing Information
---------------------------------------------------------------------------------
Loading part: xc7a200tfbg676-2
---------------------------------------------------------------------------------
Finished Loading Part and Timing Information : Time (s): cpu = 00:00:14 ; elapsed = 00:00:14 . Memory (MB): peak = 1509.359 ; gain = 745.203
---------------------------------------------------------------------------------
---------------------------------------------------------------------------------
Start Applying 'set_property' XDC Constraints
---------------------------------------------------------------------------------
---------------------------------------------------------------------------------
Finished applying 'set_property' XDC Constraints : Time (s): cpu = 00:00:14 ; elapsed = 00:00:14 . Memory (MB): peak = 1509.359 ; gain = 745.203
---------------------------------------------------------------------------------
---------------------------------------------------------------------------------
Finished RTL Optimization Phase 2 : Time (s): cpu = 00:00:14 ; elapsed = 00:00:14 . Memory (MB): peak = 1509.359 ; gain = 745.203
---------------------------------------------------------------------------------
---------------------------------------------------------------------------------
Start RTL Component Statistics 
---------------------------------------------------------------------------------
Detailed RTL Component Info : 
+---Adders : 
	   2 Input   18 Bit       Adders := 3     
	   3 Input   18 Bit       Adders := 1     
	   2 Input   14 Bit       Adders := 1     
	   2 Input    9 Bit       Adders := 6     
	   2 Input    8 Bit       Adders := 2     
	   2 Input    4 Bit       Adders := 1     
+---Registers : 
	               18 Bit    Registers := 4     
	               17 Bit    Registers := 6     
	               14 Bit    Registers := 1     
	                9 Bit    Registers := 6     
	                8 Bit    Registers := 13    
	                4 Bit    Registers := 1     
+---Muxes : 
	   4 Input   14 Bit        Muxes := 1     
	   2 Input    4 Bit        Muxes := 1     
---------------------------------------------------------------------------------
Finished RTL Component Statistics 
---------------------------------------------------------------------------------
---------------------------------------------------------------------------------
Start Part Resource Summary
---------------------------------------------------------------------------------
Part Resources:
DSPs: 740 (col length:100)
BRAMs: 730 (col length: RAMB18 100 RAMB36 50)
---------------------------------------------------------------------------------
Finished Part Resource Summary
---------------------------------------------------------------------------------
---------------------------------------------------------------------------------
Start Cross Boundary and Area Optimization
---------------------------------------------------------------------------------
---------------------------------------------------------------------------------
Finished Cross Boundary and Area Optimization : Time (s): cpu = 00:00:16 ; elapsed = 00:00:17 . Memory (MB): peak = 1509.359 ; gain = 745.203
---------------------------------------------------------------------------------
---------------------------------------------------------------------------------
Start Applying XDC Timing Constraints
---------------------------------------------------------------------------------
---------------------------------------------------------------------------------
Finished Applying XDC Timing Constraints : Time (s): cpu = 00:00:21 ; elapsed = 00:00:22 . Memory (MB): peak = 1623.766 ; gain = 859.609
---------------------------------------------------------------------------------
---------------------------------------------------------------------------------
Start Timing Optimization
---------------------------------------------------------------------------------
---------------------------------------------------------------------------------
Finished Timing Optimization : Time (s): cpu = 00:00:21 ; elapsed = 00:00:22 . Memory (MB): peak = 1624.824 ; gain = 860.668
---------------------------------------------------------------------------------
---------------------------------------------------------------------------------
Start Technology Mapping
---------------------------------------------------------------------------------
---------------------------------------------------------------------------------
Finished Technology Mapping : Time (s): cpu = 00:00:21 ; elapsed = 00:00:22 . Memory (MB): peak = 1635.223 ; gain = 871.066
---------------------------------------------------------------------------------
---------------------------------------------------------------------------------
Start IO Insertion
---------------------------------------------------------------------------------
---------------------------------------------------------------------------------
Start Flattening Before IO Insertion
---------------------------------------------------------------------------------
---------------------------------------------------------------------------------
Finished Flattening Before IO Insertion
---------------------------------------------------------------------------------
---------------------------------------------------------------------------------
Start Final Netlist Cleanup
---------------------------------------------------------------------------------
---------------------------------------------------------------------------------
Finished Final Netlist Cleanup
---------------------------------------------------------------------------------
---------------------------------------------------------------------------------
Finished IO Insertion : Time (s): cpu = 00:00:25 ; elapsed = 00:00:26 . Memory (MB): peak = 1883.473 ; gain = 1119.316
---------------------------------------------------------------------------------
---------------------------------------------------------------------------------
Start Renaming Generated Instances
---------------------------------------------------------------------------------
---------------------------------------------------------------------------------
Finished Renaming Generated Instances : Time (s): cpu = 00:00:25 ; elapsed = 00:00:26 . Memory (MB): peak = 1883.473 ; gain = 1119.316
---------------------------------------------------------------------------------
---------------------------------------------------------------------------------
Start Rebuilding User Hierarchy
---------------------------------------------------------------------------------
---------------------------------------------------------------------------------
Finished Rebuilding User Hierarchy : Time (s): cpu = 00:00:25 ; elapsed = 00:00:26 . Memory (MB): peak = 1883.473 ; gain = 1119.316
---------------------------------------------------------------------------------
---------------------------------------------------------------------------------
Start Renaming Generated Ports
---------------------------------------------------------------------------------
---------------------------------------------------------------------------------
Finished Renaming Generated Ports : Time (s): cpu = 00:00:25 ; elapsed = 00:00:26 . Memory (MB): peak = 1883.473 ; gain = 1119.316
---------------------------------------------------------------------------------
---------------------------------------------------------------------------------
Start Handling Custom Attributes
---------------------------------------------------------------------------------
---------------------------------------------------------------------------------
Finished Handling Custom Attributes : Time (s): cpu = 00:00:25 ; elapsed = 00:00:26 . Memory (MB): peak = 1883.473 ; gain = 1119.316
---------------------------------------------------------------------------------
---------------------------------------------------------------------------------
Start Renaming Generated Nets
---------------------------------------------------------------------------------
---------------------------------------------------------------------------------
Finished Renaming Generated Nets : Time (s): cpu = 00:00:25 ; elapsed = 00:00:26 . Memory (MB): peak = 1883.473 ; gain = 1119.316
---------------------------------------------------------------------------------
---------------------------------------------------------------------------------
Start Writing Synthesis Report
---------------------------------------------------------------------------------

Report BlackBoxes: 
+-+--------------+----------+
| |BlackBox name |Instances |
+-+--------------+----------+
+-+--------------+----------+

Report Cell Usage: 
+------+-------+------+
|      |Cell   |Count |
+------+-------+------+
|1     |BUFG   |     1|
|2     |CARRY4 |    64|
|3     |LUT1   |    19|
|4     |LUT2   |   156|
|5     |LUT3   |    34|
|6     |LUT4   |    64|
|7     |LUT5   |    21|
|8     |LUT6   |    13|
|9     |FDCE   |   328|
|10    |IBUF   |     4|
|11    |OBUF   |    16|
+------+-------+------+
---------------------------------------------------------------------------------
Finished Writing Synthesis Report : Time (s): cpu = 00:00:25 ; elapsed = 00:00:26 . Memory (MB): peak = 1883.473 ; gain = 1119.316
---------------------------------------------------------------------------------
Synthesis finished with 0 errors, 0 critical warnings and 0 warnings.
Synthesis Optimization Runtime : Time (s): cpu = 00:00:17 ; elapsed = 00:00:24 . Memory (MB): peak = 1883.473 ; gain = 1036.461
Synthesis Optimization Complete : Time (s): cpu = 00:00:25 ; elapsed = 00:00:26 . Memory (MB): peak = 1883.473 ; gain = 1119.316
INFO: [Project 1-571] Translating synthesized netlist
Netlist sorting complete. Time (s): cpu = 00:00:00 ; elapsed = 00:00:00.004 . Memory (MB): peak = 1888.230 ; gain = 0.000
INFO: [Netlist 29-17] Analyzing 64 Unisim elements for replacement
INFO: [Netlist 29-28] Unisim Transformation completed in 0 CPU seconds
INFO: [Project 1-570] Preparing netlist for logic optimization
INFO: [Opt 31-138] Pushed 0 inverter(s) to 0 load pin(s).
Netlist sorting complete. Time (s): cpu = 00:00:00 ; elapsed = 00:00:00.001 . Memory (MB): peak = 1895.355 ; gain = 0.000
INFO: [Project 1-111] Unisim Transformation Summary:
No Unisim elements were transformed.

Synth Design complete | Checksum: a8fbe94d
INFO: [Common 17-83] Releasing license: Synthesis
26 Infos, 0 Warnings, 0 Critical Warnings and 0 Errors encountered.
synth_design completed successfully
synth_design: Time (s): cpu = 00:00:29 ; elapsed = 00:00:32 . Memory (MB): peak = 1895.355 ; gain = 1367.453
Write ShapeDB Complete: Time (s): cpu = 00:00:00 ; elapsed = 00:00:00.004 . Memory (MB): peak = 1895.355 ; gain = 0.000
INFO: [Common 17-1381] The checkpoint 'C:/CIM/Integrated_Circuits_Labs/Lab2_FIR_filter_implementation/vivado/Lab2/Lab2.runs/synth_1/TOP.dcp' has been generated.
INFO: [Vivado 12-24828] Executing command : report_utilization -file TOP_utilization_synth.rpt -pb TOP_utilization_synth.pb
INFO: [Common 17-206] Exiting Vivado at Tue Mar  3 15:50:59 2026...
