Copyright 1986-2022 Xilinx, Inc. All Rights Reserved. Copyright 2022-2025 Advanced Micro Devices, Inc. All Rights Reserved.
---------------------------------------------------------------------------------------------------------------------------------------------------------------------------------------------------------------------
| Tool Version : Vivado v.2025.2 (win64) Build 6299465 Fri Nov 14 19:35:11 GMT 2025
| Date         : Tue Mar  3 15:57:05 2026
| Host         : DaniLaptop running 64-bit major release  (build 9200)
| Command      : report_timing_summary -max_paths 10 -routable_nets -report_unconstrained -file TOP_timing_summary_routed.rpt -pb TOP_timing_summary_routed.pb -rpx TOP_timing_summary_routed.rpx -warn_on_violation
| Design       : TOP
| Device       : 7a200t-fbg676
| Speed File   : -2  PRODUCTION 1.23 2018-06-13
| Design State : Routed
---------------------------------------------------------------------------------------------------------------------------------------------------------------------------------------------------------------------

Timing Summary Report

------------------------------------------------------------------------------------------------
| Timer Settings
| --------------
------------------------------------------------------------------------------------------------

  Enable Multi Corner Analysis               :  Yes
  Enable Pessimism Removal                   :  Yes
  Pessimism Removal Resolution               :  Nearest Common Node
  Enable Input Delay Default Clock           :  No
  Enable Preset / Clear Arcs                 :  No
  Disable Flight Delays                      :  No
  Ignore I/O Paths                           :  No
  Timing Early Launch at Borrowing Latches   :  No
  Borrow Time for Max Delay Exceptions       :  Yes
  Merge Timing Exceptions                    :  Yes
  Inter-SLR Compensation                     :  Conservative

  Corner  Analyze    Analyze    
  Name    Max Paths  Min Paths  
  ------  ---------  ---------  
  Slow    Yes        Yes        
  Fast    Yes        Yes        


------------------------------------------------------------------------------------------------
| Report Methodology
| ------------------
------------------------------------------------------------------------------------------------

Rule       Severity          Description                  Violations  
---------  ----------------  ---------------------------  ----------  
TIMING-17  Critical Warning  Non-clocked sequential cell  336         
SYNTH-9    Warning           Small multiplier             17          

Note: This report is based on the most recent report_methodology run and may not be up-to-date. Run report_methodology on the current design for the latest report.



check_timing report

Table of Contents
-----------------
1. checking no_clock (336)
2. checking constant_clock (0)
3. checking pulse_width_clock (0)
4. checking unconstrained_internal_endpoints (980)
5. checking no_input_delay (3)
6. checking no_output_delay (16)
7. checking multiple_clock (0)
8. checking generated_clocks (0)
9. checking loops (0)
10. checking partial_input_delay (0)
11. checking partial_output_delay (0)
12. checking latch_loops (0)

1. checking no_clock (336)
--------------------------
 There are 336 register/latch pins with no clock driven by root clock pin: clk (HIGH)


2. checking constant_clock (0)
------------------------------
 There are 0 register/latch pins with constant_clock.


3. checking pulse_width_clock (0)
---------------------------------
 There are 0 register/latch pins which need pulse_width check


4. checking unconstrained_internal_endpoints (980)
--------------------------------------------------
 There are 980 pins that are not constrained for maximum delay. (HIGH)

 There are 0 pins that are not constrained for maximum delay due to constant clock.


5. checking no_input_delay (3)
------------------------------
 There are 3 input ports with no input delay specified. (HIGH)

 There are 0 input ports with no input delay but user has a false path constraint.


6. checking no_output_delay (16)
--------------------------------
 There are 16 ports with no output delay specified. (HIGH)

 There are 0 ports with no output delay but user has a false path constraint

 There are 0 ports with no output delay but with a timing clock defined on it or propagating through it


7. checking multiple_clock (0)
------------------------------
 There are 0 register/latch pins with multiple clocks.


8. checking generated_clocks (0)
--------------------------------
 There are 0 generated clocks that are not connected to a clock source.


9. checking loops (0)
---------------------
 There are 0 combinational loops in the design.


10. checking partial_input_delay (0)
------------------------------------
 There are 0 input ports with partial input delay specified.


11. checking partial_output_delay (0)
-------------------------------------
 There are 0 ports with partial output delay specified.


12. checking latch_loops (0)
----------------------------
 There are 0 combinational latch loops in the design through latch input



------------------------------------------------------------------------------------------------
| Design Timing Summary
| ---------------------
------------------------------------------------------------------------------------------------

    WNS(ns)      TNS(ns)  TNS Failing Endpoints  TNS Total Endpoints      WHS(ns)      THS(ns)  THS Failing Endpoints  THS Total Endpoints     WPWS(ns)     TPWS(ns)  TPWS Failing Endpoints  TPWS Total Endpoints  
    -------      -------  ---------------------  -------------------      -------      -------  ---------------------  -------------------     --------     --------  ----------------------  --------------------  
        inf        0.000                      0                  996          inf        0.000                      0                  996           NA           NA                      NA                    NA  


There are no user specified timing constraints.


------------------------------------------------------------------------------------------------
| Clock Summary
| -------------
------------------------------------------------------------------------------------------------


------------------------------------------------------------------------------------------------
| Intra Clock Table
| -----------------
------------------------------------------------------------------------------------------------

Clock             WNS(ns)      TNS(ns)  TNS Failing Endpoints  TNS Total Endpoints      WHS(ns)      THS(ns)  THS Failing Endpoints  THS Total Endpoints     WPWS(ns)     TPWS(ns)  TPWS Failing Endpoints  TPWS Total Endpoints  
-----             -------      -------  ---------------------  -------------------      -------      -------  ---------------------  -------------------     --------     --------  ----------------------  --------------------  


------------------------------------------------------------------------------------------------
| Inter Clock Table
| -----------------
------------------------------------------------------------------------------------------------

From Clock    To Clock          WNS(ns)      TNS(ns)  TNS Failing Endpoints  TNS Total Endpoints      WHS(ns)      THS(ns)  THS Failing Endpoints  THS Total Endpoints  
----------    --------          -------      -------  ---------------------  -------------------      -------      -------  ---------------------  -------------------  


------------------------------------------------------------------------------------------------
| Other Path Groups Table
| -----------------------
------------------------------------------------------------------------------------------------

Path Group    From Clock    To Clock          WNS(ns)      TNS(ns)  TNS Failing Endpoints  TNS Total Endpoints      WHS(ns)      THS(ns)  THS Failing Endpoints  THS Total Endpoints  
----------    ----------    --------          -------      -------  ---------------------  -------------------      -------      -------  ---------------------  -------------------  


------------------------------------------------------------------------------------------------
| User Ignored Path Table
| -----------------------
------------------------------------------------------------------------------------------------

Path Group    From Clock    To Clock    
----------    ----------    --------    


------------------------------------------------------------------------------------------------
| Unconstrained Path Table
| ------------------------
------------------------------------------------------------------------------------------------

Path Group    From Clock    To Clock    
----------    ----------    --------    
(none)                                    


------------------------------------------------------------------------------------------------
| Timing Details
| --------------
------------------------------------------------------------------------------------------------


--------------------------------------------------------------------------------------
Path Group:  (none)
From Clock:  
  To Clock:  

Max Delay           996 Endpoints
Min Delay           996 Endpoints
--------------------------------------------------------------------------------------


Max Delay Paths
--------------------------------------------------------------------------------------
Slack:                    inf
  Source:                 per[0]
                            (input port)
  Destination:            Gen1/cnt_timer_reg[13]/D
  Path Group:             (none)
  Path Type:              Max at Slow Process Corner
  Data Path Delay:        5.147ns  (logic 2.793ns (54.255%)  route 2.355ns (45.745%))
  Logic Levels:           9  (CARRY4=6 IBUF=1 LUT2=1 LUT4=1)

    Location             Delay type                Incr(ns)  Path(ns)    Netlist Resource(s)
  -------------------------------------------------------------------    -------------------
    P23                                               0.000     0.000 r  per[0] (IN)
                         net (fo=0)                   0.000     0.000    per[0]
    P23                  IBUF (Prop_ibuf_I_O)         0.896     0.896 r  per_IBUF[0]_inst/O
                         net (fo=19, routed)          1.364     2.260    Gen1/per_IBUF[0]
    SLICE_X0Y112         LUT4 (Prop_lut4_I3_O)        0.105     2.365 r  Gen1/cnt_timer1_carry_i_8/O
                         net (fo=1, routed)           0.000     2.365    Gen1/cnt_timer1_carry_i_8_n_0
    SLICE_X0Y112         CARRY4 (Prop_carry4_S[0]_CO[3])
                                                      0.440     2.805 r  Gen1/cnt_timer1_carry/CO[3]
                         net (fo=1, routed)           0.000     2.805    Gen1/cnt_timer1_carry_n_0
    SLICE_X0Y113         CARRY4 (Prop_carry4_CI_CO[2])
                                                      0.190     2.995 f  Gen1/cnt_timer1_carry__0/CO[2]
                         net (fo=15, routed)          0.990     3.985    Gen1/load
    SLICE_X1Y110         LUT2 (Prop_lut2_I1_O)        0.261     4.246 r  Gen1/cnt_timer[0]_i_6/O
                         net (fo=1, routed)           0.000     4.246    Gen1/cnt_timer[0]_i_6_n_0
    SLICE_X1Y110         CARRY4 (Prop_carry4_S[0]_CO[3])
                                                      0.440     4.686 r  Gen1/cnt_timer_reg[0]_i_1/CO[3]
                         net (fo=1, routed)           0.000     4.686    Gen1/cnt_timer_reg[0]_i_1_n_0
    SLICE_X1Y111         CARRY4 (Prop_carry4_CI_CO[3])
                                                      0.098     4.784 r  Gen1/cnt_timer_reg[4]_i_1/CO[3]
                         net (fo=1, routed)           0.000     4.784    Gen1/cnt_timer_reg[4]_i_1_n_0
    SLICE_X1Y112         CARRY4 (Prop_carry4_CI_CO[3])
                                                      0.098     4.882 r  Gen1/cnt_timer_reg[8]_i_1/CO[3]
                         net (fo=1, routed)           0.000     4.882    Gen1/cnt_timer_reg[8]_i_1_n_0
    SLICE_X1Y113         CARRY4 (Prop_carry4_CI_O[1])
                                                      0.265     5.147 r  Gen1/cnt_timer_reg[12]_i_1/O[1]
                         net (fo=1, routed)           0.000     5.147    Gen1/cnt_timer_reg[12]_i_1_n_6
    SLICE_X1Y113         FDCE                                         r  Gen1/cnt_timer_reg[13]/D
  -------------------------------------------------------------------    -------------------

Slack:                    inf
  Source:                 per[0]
                            (input port)
  Destination:            Gen1/cnt_timer_reg[12]/D
  Path Group:             (none)
  Path Type:              Max at Slow Process Corner
  Data Path Delay:        5.063ns  (logic 2.709ns (53.496%)  route 2.355ns (46.504%))
  Logic Levels:           9  (CARRY4=6 IBUF=1 LUT2=1 LUT4=1)

    Location             Delay type                Incr(ns)  Path(ns)    Netlist Resource(s)
  -------------------------------------------------------------------    -------------------
    P23                                               0.000     0.000 r  per[0] (IN)
                         net (fo=0)                   0.000     0.000    per[0]
    P23                  IBUF (Prop_ibuf_I_O)         0.896     0.896 r  per_IBUF[0]_inst/O
                         net (fo=19, routed)          1.364     2.260    Gen1/per_IBUF[0]
    SLICE_X0Y112         LUT4 (Prop_lut4_I3_O)        0.105     2.365 r  Gen1/cnt_timer1_carry_i_8/O
                         net (fo=1, routed)           0.000     2.365    Gen1/cnt_timer1_carry_i_8_n_0
    SLICE_X0Y112         CARRY4 (Prop_carry4_S[0]_CO[3])
                                                      0.440     2.805 r  Gen1/cnt_timer1_carry/CO[3]
                         net (fo=1, routed)           0.000     2.805    Gen1/cnt_timer1_carry_n_0
    SLICE_X0Y113         CARRY4 (Prop_carry4_CI_CO[2])
                                                      0.190     2.995 f  Gen1/cnt_timer1_carry__0/CO[2]
                         net (fo=15, routed)          0.990     3.985    Gen1/load
    SLICE_X1Y110         LUT2 (Prop_lut2_I1_O)        0.261     4.246 r  Gen1/cnt_timer[0]_i_6/O
                         net (fo=1, routed)           0.000     4.246    Gen1/cnt_timer[0]_i_6_n_0
    SLICE_X1Y110         CARRY4 (Prop_carry4_S[0]_CO[3])
                                                      0.440     4.686 r  Gen1/cnt_timer_reg[0]_i_1/CO[3]
                         net (fo=1, routed)           0.000     4.686    Gen1/cnt_timer_reg[0]_i_1_n_0
    SLICE_X1Y111         CARRY4 (Prop_carry4_CI_CO[3])
                                                      0.098     4.784 r  Gen1/cnt_timer_reg[4]_i_1/CO[3]
                         net (fo=1, routed)           0.000     4.784    Gen1/cnt_timer_reg[4]_i_1_n_0
    SLICE_X1Y112         CARRY4 (Prop_carry4_CI_CO[3])
                                                      0.098     4.882 r  Gen1/cnt_timer_reg[8]_i_1/CO[3]
                         net (fo=1, routed)           0.000     4.882    Gen1/cnt_timer_reg[8]_i_1_n_0
    SLICE_X1Y113         CARRY4 (Prop_carry4_CI_O[0])
                                                      0.181     5.063 r  Gen1/cnt_timer_reg[12]_i_1/O[0]
                         net (fo=1, routed)           0.000     5.063    Gen1/cnt_timer_reg[12]_i_1_n_7
    SLICE_X1Y113         FDCE                                         r  Gen1/cnt_timer_reg[12]/D
  -------------------------------------------------------------------    -------------------

Slack:                    inf
  Source:                 per[0]
                            (input port)
  Destination:            Gen1/cnt_timer_reg[9]/D
  Path Group:             (none)
  Path Type:              Max at Slow Process Corner
  Data Path Delay:        5.049ns  (logic 2.695ns (53.367%)  route 2.355ns (46.633%))
  Logic Levels:           8  (CARRY4=5 IBUF=1 LUT2=1 LUT4=1)

    Location             Delay type                Incr(ns)  Path(ns)    Netlist Resource(s)
  -------------------------------------------------------------------    -------------------
    P23                                               0.000     0.000 r  per[0] (IN)
                         net (fo=0)                   0.000     0.000    per[0]
    P23                  IBUF (Prop_ibuf_I_O)         0.896     0.896 r  per_IBUF[0]_inst/O
                         net (fo=19, routed)          1.364     2.260    Gen1/per_IBUF[0]
    SLICE_X0Y112         LUT4 (Prop_lut4_I3_O)        0.105     2.365 r  Gen1/cnt_timer1_carry_i_8/O
                         net (fo=1, routed)           0.000     2.365    Gen1/cnt_timer1_carry_i_8_n_0
    SLICE_X0Y112         CARRY4 (Prop_carry4_S[0]_CO[3])
                                                      0.440     2.805 r  Gen1/cnt_timer1_carry/CO[3]
                         net (fo=1, routed)           0.000     2.805    Gen1/cnt_timer1_carry_n_0
    SLICE_X0Y113         CARRY4 (Prop_carry4_CI_CO[2])
                                                      0.190     2.995 f  Gen1/cnt_timer1_carry__0/CO[2]
                         net (fo=15, routed)          0.990     3.985    Gen1/load
    SLICE_X1Y110         LUT2 (Prop_lut2_I1_O)        0.261     4.246 r  Gen1/cnt_timer[0]_i_6/O
                         net (fo=1, routed)           0.000     4.246    Gen1/cnt_timer[0]_i_6_n_0
    SLICE_X1Y110         CARRY4 (Prop_carry4_S[0]_CO[3])
                                                      0.440     4.686 r  Gen1/cnt_timer_reg[0]_i_1/CO[3]
                         net (fo=1, routed)           0.000     4.686    Gen1/cnt_timer_reg[0]_i_1_n_0
    SLICE_X1Y111         CARRY4 (Prop_carry4_CI_CO[3])
                                                      0.098     4.784 r  Gen1/cnt_timer_reg[4]_i_1/CO[3]
                         net (fo=1, routed)           0.000     4.784    Gen1/cnt_timer_reg[4]_i_1_n_0
    SLICE_X1Y112         CARRY4 (Prop_carry4_CI_O[1])
                                                      0.265     5.049 r  Gen1/cnt_timer_reg[8]_i_1/O[1]
                         net (fo=1, routed)           0.000     5.049    Gen1/cnt_timer_reg[8]_i_1_n_6
    SLICE_X1Y112         FDCE                                         r  Gen1/cnt_timer_reg[9]/D
  -------------------------------------------------------------------    -------------------

Slack:                    inf
  Source:                 per[0]
                            (input port)
  Destination:            Gen1/cnt_timer_reg[11]/D
  Path Group:             (none)
  Path Type:              Max at Slow Process Corner
  Data Path Delay:        5.044ns  (logic 2.690ns (53.321%)  route 2.355ns (46.679%))
  Logic Levels:           8  (CARRY4=5 IBUF=1 LUT2=1 LUT4=1)

    Location             Delay type                Incr(ns)  Path(ns)    Netlist Resource(s)
  -------------------------------------------------------------------    -------------------
    P23                                               0.000     0.000 r  per[0] (IN)
                         net (fo=0)                   0.000     0.000    per[0]
    P23                  IBUF (Prop_ibuf_I_O)         0.896     0.896 r  per_IBUF[0]_inst/O
                         net (fo=19, routed)          1.364     2.260    Gen1/per_IBUF[0]
    SLICE_X0Y112         LUT4 (Prop_lut4_I3_O)        0.105     2.365 r  Gen1/cnt_timer1_carry_i_8/O
                         net (fo=1, routed)           0.000     2.365    Gen1/cnt_timer1_carry_i_8_n_0
    SLICE_X0Y112         CARRY4 (Prop_carry4_S[0]_CO[3])
                                                      0.440     2.805 r  Gen1/cnt_timer1_carry/CO[3]
                         net (fo=1, routed)           0.000     2.805    Gen1/cnt_timer1_carry_n_0
    SLICE_X0Y113         CARRY4 (Prop_carry4_CI_CO[2])
                                                      0.190     2.995 f  Gen1/cnt_timer1_carry__0/CO[2]
                         net (fo=15, routed)          0.990     3.985    Gen1/load
    SLICE_X1Y110         LUT2 (Prop_lut2_I1_O)        0.261     4.246 r  Gen1/cnt_timer[0]_i_6/O
                         net (fo=1, routed)           0.000     4.246    Gen1/cnt_timer[0]_i_6_n_0
    SLICE_X1Y110         CARRY4 (Prop_carry4_S[0]_CO[3])
                                                      0.440     4.686 r  Gen1/cnt_timer_reg[0]_i_1/CO[3]
                         net (fo=1, routed)           0.000     4.686    Gen1/cnt_timer_reg[0]_i_1_n_0
    SLICE_X1Y111         CARRY4 (Prop_carry4_CI_CO[3])
                                                      0.098     4.784 r  Gen1/cnt_timer_reg[4]_i_1/CO[3]
                         net (fo=1, routed)           0.000     4.784    Gen1/cnt_timer_reg[4]_i_1_n_0
    SLICE_X1Y112         CARRY4 (Prop_carry4_CI_O[3])
                                                      0.260     5.044 r  Gen1/cnt_timer_reg[8]_i_1/O[3]
                         net (fo=1, routed)           0.000     5.044    Gen1/cnt_timer_reg[8]_i_1_n_4
    SLICE_X1Y112         FDCE                                         r  Gen1/cnt_timer_reg[11]/D
  -------------------------------------------------------------------    -------------------

Slack:                    inf
  Source:                 per[0]
                            (input port)
  Destination:            Gen1/cnt_timer_reg[10]/D
  Path Group:             (none)
  Path Type:              Max at Slow Process Corner
  Data Path Delay:        4.984ns  (logic 2.630ns (52.759%)  route 2.355ns (47.241%))
  Logic Levels:           8  (CARRY4=5 IBUF=1 LUT2=1 LUT4=1)

    Location             Delay type                Incr(ns)  Path(ns)    Netlist Resource(s)
  -------------------------------------------------------------------    -------------------
    P23                                               0.000     0.000 r  per[0] (IN)
                         net (fo=0)                   0.000     0.000    per[0]
    P23                  IBUF (Prop_ibuf_I_O)         0.896     0.896 r  per_IBUF[0]_inst/O
                         net (fo=19, routed)          1.364     2.260    Gen1/per_IBUF[0]
    SLICE_X0Y112         LUT4 (Prop_lut4_I3_O)        0.105     2.365 r  Gen1/cnt_timer1_carry_i_8/O
                         net (fo=1, routed)           0.000     2.365    Gen1/cnt_timer1_carry_i_8_n_0
    SLICE_X0Y112         CARRY4 (Prop_carry4_S[0]_CO[3])
                                                      0.440     2.805 r  Gen1/cnt_timer1_carry/CO[3]
                         net (fo=1, routed)           0.000     2.805    Gen1/cnt_timer1_carry_n_0
    SLICE_X0Y113         CARRY4 (Prop_carry4_CI_CO[2])
                                                      0.190     2.995 f  Gen1/cnt_timer1_carry__0/CO[2]
                         net (fo=15, routed)          0.990     3.985    Gen1/load
    SLICE_X1Y110         LUT2 (Prop_lut2_I1_O)        0.261     4.246 r  Gen1/cnt_timer[0]_i_6/O
                         net (fo=1, routed)           0.000     4.246    Gen1/cnt_timer[0]_i_6_n_0
    SLICE_X1Y110         CARRY4 (Prop_carry4_S[0]_CO[3])
                                                      0.440     4.686 r  Gen1/cnt_timer_reg[0]_i_1/CO[3]
                         net (fo=1, routed)           0.000     4.686    Gen1/cnt_timer_reg[0]_i_1_n_0
    SLICE_X1Y111         CARRY4 (Prop_carry4_CI_CO[3])
                                                      0.098     4.784 r  Gen1/cnt_timer_reg[4]_i_1/CO[3]
                         net (fo=1, routed)           0.000     4.784    Gen1/cnt_timer_reg[4]_i_1_n_0
    SLICE_X1Y112         CARRY4 (Prop_carry4_CI_O[2])
                                                      0.200     4.984 r  Gen1/cnt_timer_reg[8]_i_1/O[2]
                         net (fo=1, routed)           0.000     4.984    Gen1/cnt_timer_reg[8]_i_1_n_5
    SLICE_X1Y112         FDCE                                         r  Gen1/cnt_timer_reg[10]/D
  -------------------------------------------------------------------    -------------------

Slack:                    inf
  Source:                 per[0]
                            (input port)
  Destination:            Gen1/cnt_timer_reg[8]/D
  Path Group:             (none)
  Path Type:              Max at Slow Process Corner
  Data Path Delay:        4.965ns  (logic 2.611ns (52.578%)  route 2.355ns (47.422%))
  Logic Levels:           8  (CARRY4=5 IBUF=1 LUT2=1 LUT4=1)

    Location             Delay type                Incr(ns)  Path(ns)    Netlist Resource(s)
  -------------------------------------------------------------------    -------------------
    P23                                               0.000     0.000 r  per[0] (IN)
                         net (fo=0)                   0.000     0.000    per[0]
    P23                  IBUF (Prop_ibuf_I_O)         0.896     0.896 r  per_IBUF[0]_inst/O
                         net (fo=19, routed)          1.364     2.260    Gen1/per_IBUF[0]
    SLICE_X0Y112         LUT4 (Prop_lut4_I3_O)        0.105     2.365 r  Gen1/cnt_timer1_carry_i_8/O
                         net (fo=1, routed)           0.000     2.365    Gen1/cnt_timer1_carry_i_8_n_0
    SLICE_X0Y112         CARRY4 (Prop_carry4_S[0]_CO[3])
                                                      0.440     2.805 r  Gen1/cnt_timer1_carry/CO[3]
                         net (fo=1, routed)           0.000     2.805    Gen1/cnt_timer1_carry_n_0
    SLICE_X0Y113         CARRY4 (Prop_carry4_CI_CO[2])
                                                      0.190     2.995 f  Gen1/cnt_timer1_carry__0/CO[2]
                         net (fo=15, routed)          0.990     3.985    Gen1/load
    SLICE_X1Y110         LUT2 (Prop_lut2_I1_O)        0.261     4.246 r  Gen1/cnt_timer[0]_i_6/O
                         net (fo=1, routed)           0.000     4.246    Gen1/cnt_timer[0]_i_6_n_0
    SLICE_X1Y110         CARRY4 (Prop_carry4_S[0]_CO[3])
                                                      0.440     4.686 r  Gen1/cnt_timer_reg[0]_i_1/CO[3]
                         net (fo=1, routed)           0.000     4.686    Gen1/cnt_timer_reg[0]_i_1_n_0
    SLICE_X1Y111         CARRY4 (Prop_carry4_CI_CO[3])
                                                      0.098     4.784 r  Gen1/cnt_timer_reg[4]_i_1/CO[3]
                         net (fo=1, routed)           0.000     4.784    Gen1/cnt_timer_reg[4]_i_1_n_0
    SLICE_X1Y112         CARRY4 (Prop_carry4_CI_O[0])
                                                      0.181     4.965 r  Gen1/cnt_timer_reg[8]_i_1/O[0]
                         net (fo=1, routed)           0.000     4.965    Gen1/cnt_timer_reg[8]_i_1_n_7
    SLICE_X1Y112         FDCE                                         r  Gen1/cnt_timer_reg[8]/D
  -------------------------------------------------------------------    -------------------

Slack:                    inf
  Source:                 per[0]
                            (input port)
  Destination:            Gen1/cnt_timer_reg[5]/D
  Path Group:             (none)
  Path Type:              Max at Slow Process Corner
  Data Path Delay:        4.951ns  (logic 2.597ns (52.444%)  route 2.355ns (47.556%))
  Logic Levels:           7  (CARRY4=4 IBUF=1 LUT2=1 LUT4=1)

    Location             Delay type                Incr(ns)  Path(ns)    Netlist Resource(s)
  -------------------------------------------------------------------    -------------------
    P23                                               0.000     0.000 r  per[0] (IN)
                         net (fo=0)                   0.000     0.000    per[0]
    P23                  IBUF (Prop_ibuf_I_O)         0.896     0.896 r  per_IBUF[0]_inst/O
                         net (fo=19, routed)          1.364     2.260    Gen1/per_IBUF[0]
    SLICE_X0Y112         LUT4 (Prop_lut4_I3_O)        0.105     2.365 r  Gen1/cnt_timer1_carry_i_8/O
                         net (fo=1, routed)           0.000     2.365    Gen1/cnt_timer1_carry_i_8_n_0
    SLICE_X0Y112         CARRY4 (Prop_carry4_S[0]_CO[3])
                                                      0.440     2.805 r  Gen1/cnt_timer1_carry/CO[3]
                         net (fo=1, routed)           0.000     2.805    Gen1/cnt_timer1_carry_n_0
    SLICE_X0Y113         CARRY4 (Prop_carry4_CI_CO[2])
                                                      0.190     2.995 f  Gen1/cnt_timer1_carry__0/CO[2]
                         net (fo=15, routed)          0.990     3.985    Gen1/load
    SLICE_X1Y110         LUT2 (Prop_lut2_I1_O)        0.261     4.246 r  Gen1/cnt_timer[0]_i_6/O
                         net (fo=1, routed)           0.000     4.246    Gen1/cnt_timer[0]_i_6_n_0
    SLICE_X1Y110         CARRY4 (Prop_carry4_S[0]_CO[3])
                                                      0.440     4.686 r  Gen1/cnt_timer_reg[0]_i_1/CO[3]
                         net (fo=1, routed)           0.000     4.686    Gen1/cnt_timer_reg[0]_i_1_n_0
    SLICE_X1Y111         CARRY4 (Prop_carry4_CI_O[1])
                                                      0.265     4.951 r  Gen1/cnt_timer_reg[4]_i_1/O[1]
                         net (fo=1, routed)           0.000     4.951    Gen1/cnt_timer_reg[4]_i_1_n_6
    SLICE_X1Y111         FDCE                                         r  Gen1/cnt_timer_reg[5]/D
  -------------------------------------------------------------------    -------------------

Slack:                    inf
  Source:                 per[0]
                            (input port)
  Destination:            Gen1/cnt_timer_reg[7]/D
  Path Group:             (none)
  Path Type:              Max at Slow Process Corner
  Data Path Delay:        4.946ns  (logic 2.592ns (52.396%)  route 2.355ns (47.604%))
  Logic Levels:           7  (CARRY4=4 IBUF=1 LUT2=1 LUT4=1)

    Location             Delay type                Incr(ns)  Path(ns)    Netlist Resource(s)
  -------------------------------------------------------------------    -------------------
    P23                                               0.000     0.000 r  per[0] (IN)
                         net (fo=0)                   0.000     0.000    per[0]
    P23                  IBUF (Prop_ibuf_I_O)         0.896     0.896 r  per_IBUF[0]_inst/O
                         net (fo=19, routed)          1.364     2.260    Gen1/per_IBUF[0]
    SLICE_X0Y112         LUT4 (Prop_lut4_I3_O)        0.105     2.365 r  Gen1/cnt_timer1_carry_i_8/O
                         net (fo=1, routed)           0.000     2.365    Gen1/cnt_timer1_carry_i_8_n_0
    SLICE_X0Y112         CARRY4 (Prop_carry4_S[0]_CO[3])
                                                      0.440     2.805 r  Gen1/cnt_timer1_carry/CO[3]
                         net (fo=1, routed)           0.000     2.805    Gen1/cnt_timer1_carry_n_0
    SLICE_X0Y113         CARRY4 (Prop_carry4_CI_CO[2])
                                                      0.190     2.995 f  Gen1/cnt_timer1_carry__0/CO[2]
                         net (fo=15, routed)          0.990     3.985    Gen1/load
    SLICE_X1Y110         LUT2 (Prop_lut2_I1_O)        0.261     4.246 r  Gen1/cnt_timer[0]_i_6/O
                         net (fo=1, routed)           0.000     4.246    Gen1/cnt_timer[0]_i_6_n_0
    SLICE_X1Y110         CARRY4 (Prop_carry4_S[0]_CO[3])
                                                      0.440     4.686 r  Gen1/cnt_timer_reg[0]_i_1/CO[3]
                         net (fo=1, routed)           0.000     4.686    Gen1/cnt_timer_reg[0]_i_1_n_0
    SLICE_X1Y111         CARRY4 (Prop_carry4_CI_O[3])
                                                      0.260     4.946 r  Gen1/cnt_timer_reg[4]_i_1/O[3]
                         net (fo=1, routed)           0.000     4.946    Gen1/cnt_timer_reg[4]_i_1_n_4
    SLICE_X1Y111         FDCE                                         r  Gen1/cnt_timer_reg[7]/D
  -------------------------------------------------------------------    -------------------

Slack:                    inf
  Source:                 per[0]
                            (input port)
  Destination:            Gen1/cnt_timer_reg[6]/D
  Path Group:             (none)
  Path Type:              Max at Slow Process Corner
  Data Path Delay:        4.886ns  (logic 2.532ns (51.811%)  route 2.355ns (48.189%))
  Logic Levels:           7  (CARRY4=4 IBUF=1 LUT2=1 LUT4=1)

    Location             Delay type                Incr(ns)  Path(ns)    Netlist Resource(s)
  -------------------------------------------------------------------    -------------------
    P23                                               0.000     0.000 r  per[0] (IN)
                         net (fo=0)                   0.000     0.000    per[0]
    P23                  IBUF (Prop_ibuf_I_O)         0.896     0.896 r  per_IBUF[0]_inst/O
                         net (fo=19, routed)          1.364     2.260    Gen1/per_IBUF[0]
    SLICE_X0Y112         LUT4 (Prop_lut4_I3_O)        0.105     2.365 r  Gen1/cnt_timer1_carry_i_8/O
                         net (fo=1, routed)           0.000     2.365    Gen1/cnt_timer1_carry_i_8_n_0
    SLICE_X0Y112         CARRY4 (Prop_carry4_S[0]_CO[3])
                                                      0.440     2.805 r  Gen1/cnt_timer1_carry/CO[3]
                         net (fo=1, routed)           0.000     2.805    Gen1/cnt_timer1_carry_n_0
    SLICE_X0Y113         CARRY4 (Prop_carry4_CI_CO[2])
                                                      0.190     2.995 f  Gen1/cnt_timer1_carry__0/CO[2]
                         net (fo=15, routed)          0.990     3.985    Gen1/load
    SLICE_X1Y110         LUT2 (Prop_lut2_I1_O)        0.261     4.246 r  Gen1/cnt_timer[0]_i_6/O
                         net (fo=1, routed)           0.000     4.246    Gen1/cnt_timer[0]_i_6_n_0
    SLICE_X1Y110         CARRY4 (Prop_carry4_S[0]_CO[3])
                                                      0.440     4.686 r  Gen1/cnt_timer_reg[0]_i_1/CO[3]
                         net (fo=1, routed)           0.000     4.686    Gen1/cnt_timer_reg[0]_i_1_n_0
    SLICE_X1Y111         CARRY4 (Prop_carry4_CI_O[2])
                                                      0.200     4.886 r  Gen1/cnt_timer_reg[4]_i_1/O[2]
                         net (fo=1, routed)           0.000     4.886    Gen1/cnt_timer_reg[4]_i_1_n_5
    SLICE_X1Y111         FDCE                                         r  Gen1/cnt_timer_reg[6]/D
  -------------------------------------------------------------------    -------------------

Slack:                    inf
  Source:                 per[0]
                            (input port)
  Destination:            Gen1/cnt_timer_reg[4]/D
  Path Group:             (none)
  Path Type:              Max at Slow Process Corner
  Data Path Delay:        4.867ns  (logic 2.513ns (51.623%)  route 2.355ns (48.377%))
  Logic Levels:           7  (CARRY4=4 IBUF=1 LUT2=1 LUT4=1)

    Location             Delay type                Incr(ns)  Path(ns)    Netlist Resource(s)
  -------------------------------------------------------------------    -------------------
    P23                                               0.000     0.000 r  per[0] (IN)
                         net (fo=0)                   0.000     0.000    per[0]
    P23                  IBUF (Prop_ibuf_I_O)         0.896     0.896 r  per_IBUF[0]_inst/O
                         net (fo=19, routed)          1.364     2.260    Gen1/per_IBUF[0]
    SLICE_X0Y112         LUT4 (Prop_lut4_I3_O)        0.105     2.365 r  Gen1/cnt_timer1_carry_i_8/O
                         net (fo=1, routed)           0.000     2.365    Gen1/cnt_timer1_carry_i_8_n_0
    SLICE_X0Y112         CARRY4 (Prop_carry4_S[0]_CO[3])
                                                      0.440     2.805 r  Gen1/cnt_timer1_carry/CO[3]
                         net (fo=1, routed)           0.000     2.805    Gen1/cnt_timer1_carry_n_0
    SLICE_X0Y113         CARRY4 (Prop_carry4_CI_CO[2])
                                                      0.190     2.995 f  Gen1/cnt_timer1_carry__0/CO[2]
                         net (fo=15, routed)          0.990     3.985    Gen1/load
    SLICE_X1Y110         LUT2 (Prop_lut2_I1_O)        0.261     4.246 r  Gen1/cnt_timer[0]_i_6/O
                         net (fo=1, routed)           0.000     4.246    Gen1/cnt_timer[0]_i_6_n_0
    SLICE_X1Y110         CARRY4 (Prop_carry4_S[0]_CO[3])
                                                      0.440     4.686 r  Gen1/cnt_timer_reg[0]_i_1/CO[3]
                         net (fo=1, routed)           0.000     4.686    Gen1/cnt_timer_reg[0]_i_1_n_0
    SLICE_X1Y111         CARRY4 (Prop_carry4_CI_O[0])
                                                      0.181     4.867 r  Gen1/cnt_timer_reg[4]_i_1/O[0]
                         net (fo=1, routed)           0.000     4.867    Gen1/cnt_timer_reg[4]_i_1_n_7
    SLICE_X1Y111         FDCE                                         r  Gen1/cnt_timer_reg[4]/D
  -------------------------------------------------------------------    -------------------





Min Delay Paths
--------------------------------------------------------------------------------------
Slack:                    inf
  Source:                 FIR1/xn7_reg[3]/C
                            (rising edge-triggered cell FDCE)
  Destination:            FIR1/xn8_reg[3]/D
  Path Group:             (none)
  Path Type:              Min at Fast Process Corner
  Data Path Delay:        0.196ns  (logic 0.141ns (71.838%)  route 0.055ns (28.162%))
  Logic Levels:           1  (FDCE=1)

    Location             Delay type                Incr(ns)  Path(ns)    Netlist Resource(s)
  -------------------------------------------------------------------    -------------------
    SLICE_X9Y101         FDCE                         0.000     0.000 r  FIR1/xn7_reg[3]/C
    SLICE_X9Y101         FDCE (Prop_fdce_C_Q)         0.141     0.141 r  FIR1/xn7_reg[3]/Q
                         net (fo=2, routed)           0.055     0.196    FIR1/xn7[3]
    SLICE_X9Y101         FDCE                                         r  FIR1/xn8_reg[3]/D
  -------------------------------------------------------------------    -------------------

Slack:                    inf
  Source:                 FIR1/xn1_reg[2]/C
                            (rising edge-triggered cell FDCE)
  Destination:            FIR1/xn2_reg[2]/D
  Path Group:             (none)
  Path Type:              Min at Fast Process Corner
  Data Path Delay:        0.242ns  (logic 0.128ns (52.979%)  route 0.114ns (47.021%))
  Logic Levels:           1  (FDCE=1)

    Location             Delay type                Incr(ns)  Path(ns)    Netlist Resource(s)
  -------------------------------------------------------------------    -------------------
    SLICE_X0Y99          FDCE                         0.000     0.000 r  FIR1/xn1_reg[2]/C
    SLICE_X0Y99          FDCE (Prop_fdce_C_Q)         0.128     0.128 r  FIR1/xn1_reg[2]/Q
                         net (fo=3, routed)           0.114     0.242    FIR1/xn1[2]
    SLICE_X3Y99          FDCE                                         r  FIR1/xn2_reg[2]/D
  -------------------------------------------------------------------    -------------------

Slack:                    inf
  Source:                 FIR1/m1_reg[2]/C
                            (rising edge-triggered cell FDCE)
  Destination:            FIR1/s7_reg[2]/D
  Path Group:             (none)
  Path Type:              Min at Fast Process Corner
  Data Path Delay:        0.244ns  (logic 0.128ns (52.520%)  route 0.116ns (47.480%))
  Logic Levels:           1  (FDCE=1)

    Location             Delay type                Incr(ns)  Path(ns)    Netlist Resource(s)
  -------------------------------------------------------------------    -------------------
    SLICE_X0Y100         FDCE                         0.000     0.000 r  FIR1/m1_reg[2]/C
    SLICE_X0Y100         FDCE (Prop_fdce_C_Q)         0.128     0.128 r  FIR1/m1_reg[2]/Q
                         net (fo=1, routed)           0.116     0.244    FIR1/m1[2]
    SLICE_X0Y101         FDCE                                         r  FIR1/s7_reg[2]/D
  -------------------------------------------------------------------    -------------------

Slack:                    inf
  Source:                 FIR1/xn9_reg[5]/C
                            (rising edge-triggered cell FDCE)
  Destination:            FIR1/xn10_reg[5]/D
  Path Group:             (none)
  Path Type:              Min at Fast Process Corner
  Data Path Delay:        0.248ns  (logic 0.141ns (56.759%)  route 0.107ns (43.241%))
  Logic Levels:           1  (FDCE=1)

    Location             Delay type                Incr(ns)  Path(ns)    Netlist Resource(s)
  -------------------------------------------------------------------    -------------------
    SLICE_X7Y100         FDCE                         0.000     0.000 r  FIR1/xn9_reg[5]/C
    SLICE_X7Y100         FDCE (Prop_fdce_C_Q)         0.141     0.141 r  FIR1/xn9_reg[5]/Q
                         net (fo=2, routed)           0.107     0.248    FIR1/xn9[5]
    SLICE_X4Y100         FDCE                                         r  FIR1/xn10_reg[5]/D
  -------------------------------------------------------------------    -------------------

Slack:                    inf
  Source:                 FIR1/xn2_reg[0]/C
                            (rising edge-triggered cell FDCE)
  Destination:            FIR1/xn3_reg[0]/D
  Path Group:             (none)
  Path Type:              Min at Fast Process Corner
  Data Path Delay:        0.254ns  (logic 0.128ns (50.456%)  route 0.126ns (49.544%))
  Logic Levels:           1  (FDCE=1)

    Location             Delay type                Incr(ns)  Path(ns)    Netlist Resource(s)
  -------------------------------------------------------------------    -------------------
    SLICE_X5Y99          FDCE                         0.000     0.000 r  FIR1/xn2_reg[0]/C
    SLICE_X5Y99          FDCE (Prop_fdce_C_Q)         0.128     0.128 r  FIR1/xn2_reg[0]/Q
                         net (fo=3, routed)           0.126     0.254    FIR1/xn2[0]
    SLICE_X5Y99          FDCE                                         r  FIR1/xn3_reg[0]/D
  -------------------------------------------------------------------    -------------------

Slack:                    inf
  Source:                 FIR1/s2_reg[0]/C
                            (rising edge-triggered cell FDCE)
  Destination:            FIR1/m1_reg[1]/D
  Path Group:             (none)
  Path Type:              Min at Fast Process Corner
  Data Path Delay:        0.257ns  (logic 0.141ns (54.839%)  route 0.116ns (45.161%))
  Logic Levels:           1  (FDCE=1)

    Location             Delay type                Incr(ns)  Path(ns)    Netlist Resource(s)
  -------------------------------------------------------------------    -------------------
    SLICE_X3Y99          FDCE                         0.000     0.000 r  FIR1/s2_reg[0]/C
    SLICE_X3Y99          FDCE (Prop_fdce_C_Q)         0.141     0.141 r  FIR1/s2_reg[0]/Q
                         net (fo=4, routed)           0.116     0.257    FIR1/s2[0]
    SLICE_X0Y99          FDCE                                         r  FIR1/m1_reg[1]/D
  -------------------------------------------------------------------    -------------------

Slack:                    inf
  Source:                 FIR1/xn5_reg[7]/C
                            (rising edge-triggered cell FDCE)
  Destination:            FIR1/xn6_reg[7]/D
  Path Group:             (none)
  Path Type:              Min at Fast Process Corner
  Data Path Delay:        0.257ns  (logic 0.141ns (54.774%)  route 0.116ns (45.226%))
  Logic Levels:           1  (FDCE=1)

    Location             Delay type                Incr(ns)  Path(ns)    Netlist Resource(s)
  -------------------------------------------------------------------    -------------------
    SLICE_X9Y105         FDCE                         0.000     0.000 r  FIR1/xn5_reg[7]/C
    SLICE_X9Y105         FDCE (Prop_fdce_C_Q)         0.141     0.141 r  FIR1/xn5_reg[7]/Q
                         net (fo=3, routed)           0.116     0.257    FIR1/xn5[7]
    SLICE_X9Y106         FDCE                                         r  FIR1/xn6_reg[7]/D
  -------------------------------------------------------------------    -------------------

Slack:                    inf
  Source:                 FIR1/xn6_reg[6]/C
                            (rising edge-triggered cell FDCE)
  Destination:            FIR1/xn7_reg[6]/D
  Path Group:             (none)
  Path Type:              Min at Fast Process Corner
  Data Path Delay:        0.258ns  (logic 0.141ns (54.576%)  route 0.117ns (45.424%))
  Logic Levels:           1  (FDCE=1)

    Location             Delay type                Incr(ns)  Path(ns)    Netlist Resource(s)
  -------------------------------------------------------------------    -------------------
    SLICE_X7Y105         FDCE                         0.000     0.000 r  FIR1/xn6_reg[6]/C
    SLICE_X7Y105         FDCE (Prop_fdce_C_Q)         0.141     0.141 r  FIR1/xn6_reg[6]/Q
                         net (fo=2, routed)           0.117     0.258    FIR1/xn6[6]
    SLICE_X7Y105         FDCE                                         r  FIR1/xn7_reg[6]/D
  -------------------------------------------------------------------    -------------------

Slack:                    inf
  Source:                 FIR1/xn5_reg[0]/C
                            (rising edge-triggered cell FDCE)
  Destination:            FIR1/xn6_reg[0]/D
  Path Group:             (none)
  Path Type:              Min at Fast Process Corner
  Data Path Delay:        0.260ns  (logic 0.141ns (54.171%)  route 0.119ns (45.829%))
  Logic Levels:           1  (FDCE=1)

    Location             Delay type                Incr(ns)  Path(ns)    Netlist Resource(s)
  -------------------------------------------------------------------    -------------------
    SLICE_X9Y103         FDCE                         0.000     0.000 r  FIR1/xn5_reg[0]/C
    SLICE_X9Y103         FDCE (Prop_fdce_C_Q)         0.141     0.141 r  FIR1/xn5_reg[0]/Q
                         net (fo=3, routed)           0.119     0.260    FIR1/xn5[0]
    SLICE_X9Y104         FDCE                                         r  FIR1/xn6_reg[0]/D
  -------------------------------------------------------------------    -------------------

Slack:                    inf
  Source:                 FIR1/xn0_reg[7]/C
                            (rising edge-triggered cell FDCE)
  Destination:            FIR1/xn1_reg[7]/D
  Path Group:             (none)
  Path Type:              Min at Fast Process Corner
  Data Path Delay:        0.261ns  (logic 0.128ns (49.054%)  route 0.133ns (50.946%))
  Logic Levels:           1  (FDCE=1)

    Location             Delay type                Incr(ns)  Path(ns)    Netlist Resource(s)
  -------------------------------------------------------------------    -------------------
    SLICE_X1Y100         FDCE                         0.000     0.000 r  FIR1/xn0_reg[7]/C
    SLICE_X1Y100         FDCE (Prop_fdce_C_Q)         0.128     0.128 r  FIR1/xn0_reg[7]/Q
                         net (fo=3, routed)           0.133     0.261    FIR1/xn0[7]
    SLICE_X2Y100         FDCE                                         r  FIR1/xn1_reg[7]/D
  -------------------------------------------------------------------    -------------------





